c:\users\phile\documents\programming\github\shadered\shadered.dir\debug\vc142.pdb
c:\users\phile\documents\programming\github\shadered\shadered.dir\debug\audioanalyzer.obj
c:\users\phile\documents\programming\github\shadered\shadered.dir\debug\expressioncompiler.obj
c:\users\phile\documents\programming\github\shadered\shadered.dir\debug\themecontainer.obj
c:\users\phile\documents\programming\github\shadered\shadered.dir\debug\spirvparser.obj
c:\users\phile\documents\programming\github\shadered\shadered.dir\debug\inputlayout.obj
c:\users\phile\documents\programming\github\shadered\shadered.dir\debug\imfiledialog.obj
c:\users\phile\documents\programming\github\shadered\shadered.dir\debug\spirv_cross.obj
c:\users\phile\documents\programming\github\shadered\shadered.dir\debug\imgui_impl_sdl.obj
c:\users\phile\documents\programming\github\shadered\shadered.dir\debug\texteditor.obj
c:\users\phile\documents\programming\github\shadered\shadered.dir\debug\audioplayer.obj
c:\users\phile\documents\programming\github\shadered\shadered.dir\debug\shadercompiler.obj
c:\users\phile\documents\programming\github\shadered\shadered.dir\debug\gizmoobject.obj
c:\users\phile\documents\programming\github\shadered\shadered.dir\debug\frameanalysis.obj
c:\users\phile\documents\programming\github\shadered\shadered.dir\debug\functionvariablemanager.obj
c:\users\phile\documents\programming\github\shadered\shadered.dir\debug\firstpersoncamera.obj
c:\users\phile\documents\programming\github\shadered\shadered.dir\debug\debugadapterprotocol.obj
c:\users\phile\documents\programming\github\shadered\shadered.dir\debug\debuginformation.obj
c:\users\phile\documents\programming\github\shadered\shadered.dir\debug\defaultstate.obj
c:\users\phile\documents\programming\github\shadered\shadered.dir\debug\commandlineoptionparser.obj
c:\users\phile\documents\programming\github\shadered\shadered.dir\debug\camerasnapshots.obj
c:\users\phile\documents\programming\github\shadered\shadered.dir\debug\audioshaderstream.obj
c:\users\phile\documents\programming\github\shadered\shadered.dir\debug\arcballcamera.obj
c:\users\phile\documents\programming\github\shadered\shadered.dir\debug\exportcpp.obj
c:\users\phile\documents\programming\github\shadered\shadered.dir\debug\interfacemanager.obj
c:\users\phile\documents\programming\github\shadered\shadered.dir\debug\guimanager.obj
c:\users\phile\documents\programming\github\shadered\shadered.dir\debug\editorengine.obj
c:\users\phile\documents\programming\github\shadered\shadered.dir\debug\uihelper.obj
c:\users\phile\documents\programming\github\shadered\shadered.dir\debug\main.obj
c:\users\phile\documents\programming\github\shadered\shadered.dir\debug\variablevalueedit.obj
c:\users\phile\documents\programming\github\shadered\shadered.dir\debug\statspage.obj
c:\users\phile\documents\programming\github\shadered\shadered.dir\debug\magnifier.obj
c:\users\phile\documents\programming\github\shadered\shadered.dir\debug\cubemappreview.obj
c:\users\phile\documents\programming\github\shadered\shadered.dir\debug\webapi.obj
c:\users\phile\documents\programming\github\shadered\shadered.dir\debug\pluginmanager.obj
c:\users\phile\documents\programming\github\shadered\shadered.dir\debug\systemvariablemanager.obj
c:\users\phile\documents\programming\github\shadered\shadered.dir\debug\shadervariablecontainer.obj
c:\users\phile\documents\programming\github\shadered\shadered.dir\debug\settings.obj
c:\users\phile\documents\programming\github\shadered\shadered.dir\debug\renderengine.obj
c:\users\phile\documents\programming\github\shadered\shadered.dir\debug\projectparser.obj
c:\users\phile\documents\programming\github\shadered\shadered.dir\debug\pipelinemanager.obj
c:\users\phile\documents\programming\github\shadered\shadered.dir\debug\objectmanager.obj
c:\users\phile\documents\programming\github\shadered\shadered.dir\debug\names.obj
c:\users\phile\documents\programming\github\shadered\shadered.dir\debug\messagestack.obj
c:\users\phile\documents\programming\github\shadered\shadered.dir\debug\logger.obj
c:\users\phile\documents\programming\github\shadered\shadered.dir\debug\keyboardshortcuts.obj
c:\users\phile\documents\programming\github\shadered\shadered.dir\debug\pinnedui.obj
c:\users\phile\documents\programming\github\shadered\shadered.dir\debug\optionsui.obj
c:\users\phile\documents\programming\github\shadered\shadered.dir\debug\objectpreviewui.obj
c:\users\phile\documents\programming\github\shadered\shadered.dir\debug\objectlistui.obj
c:\users\phile\documents\programming\github\shadered\shadered.dir\debug\messageoutputui.obj
c:\users\phile\documents\programming\github\shadered\shadered.dir\debug\createitemui.obj
c:\users\phile\documents\programming\github\shadered\shadered.dir\debug\codeeditorui.obj
c:\users\phile\documents\programming\github\shadered\shadered.dir\debug\browseonlineui.obj
c:\users\phile\documents\programming\github\shadered\shadered.dir\debug\vectorwatchui.obj
c:\users\phile\documents\programming\github\shadered\shadered.dir\debug\watchui.obj
c:\users\phile\documents\programming\github\shadered\shadered.dir\debug\valuesui.obj
c:\users\phile\documents\programming\github\shadered\shadered.dir\debug\immediateui.obj
c:\users\phile\documents\programming\github\shadered\shadered.dir\debug\tessellationcontroloutputui.obj
c:\users\phile\documents\programming\github\shadered\shadered.dir\debug\geometryoutputui.obj
c:\users\phile\documents\programming\github\shadered\shadered.dir\debug\functionstackui.obj
c:\users\phile\documents\programming\github\shadered\shadered.dir\debug\breakpointlistui.obj
c:\users\phile\documents\programming\github\shadered\shadered.dir\debug\autoui.obj
c:\users\phile\documents\programming\github\shadered\shadered.dir\debug\texture3dpreview.obj
c:\users\phile\documents\programming\github\shadered\shadered.dir\debug\notificationsystem.obj
c:\users\phile\documents\programming\github\shadered\shadered.dir\debug\debuggeroutline.obj
c:\users\phile\documents\programming\github\shadered\shadered.dir\debug\spirv_cfg.obj
c:\users\phile\documents\programming\github\shadered\shadered.dir\debug\imgui_impl_opengl3.obj
c:\users\phile\documents\programming\github\shadered\shadered.dir\debug\imgui.obj
c:\users\phile\documents\programming\github\shadered\shadered.dir\debug\imgui_widgets.obj
c:\users\phile\documents\programming\github\shadered\shadered.dir\debug\imgui_draw.obj
c:\users\phile\documents\programming\github\shadered\shadered.dir\debug\ray.obj
c:\users\phile\documents\programming\github\shadered\shadered.dir\debug\geometryfactory.obj
c:\users\phile\documents\programming\github\shadered\shadered.dir\debug\glutils.obj
c:\users\phile\documents\programming\github\shadered\shadered.dir\debug\model.obj
c:\users\phile\documents\programming\github\shadered\shadered.dir\debug\timer.obj
c:\users\phile\documents\programming\github\shadered\shadered.dir\debug\profilerui.obj
c:\users\phile\documents\programming\github\shadered\shadered.dir\debug\frameanalysisui.obj
c:\users\phile\documents\programming\github\shadered\shadered.dir\debug\propertyui.obj
c:\users\phile\documents\programming\github\shadered\shadered.dir\debug\previewui.obj
c:\users\phile\documents\programming\github\shadered\shadered.dir\debug\pixelinspectui.obj
c:\users\phile\documents\programming\github\shadered\shadered.dir\debug\pipelineui.obj
c:\users\phile\documents\programming\github\shadered\shadered.dir\debug\tokenizer.obj
c:\users\phile\documents\programming\github\shadered\shadered.dir\debug\parser.obj
c:\users\phile\documents\programming\github\shadered\shadered.dir\debug\pugixml.obj
c:\users\phile\documents\programming\github\shadered\shadered.dir\debug\spirv_parser.obj
c:\users\phile\documents\programming\github\shadered\shadered.dir\debug\spirv_hlsl.obj
c:\users\phile\documents\programming\github\shadered\shadered.dir\debug\spirv_glsl.obj
c:\users\phile\documents\programming\github\shadered\shadered.dir\debug\spirv_cross_parsed_ir.obj
c:\users\phile\documents\programming\github\shadered\shadered.dir\debug\spirv_cross_util.obj
c:\users\phile\documents\programming\github\shadered\shadered.dir\debug\imgui_impl_sdl2.obj
c:\users\phile\documents\programming\github\shadered\shadered.dir\debug\imgui_tables.obj
c:\users\phile\documents\programming\github\shadered\shadered.dir\debug\dds.obj
c:\users\phile\documents\programming\github\shadered\cmakefiles\generate.stamp
c:\users\phile\documents\programming\github\shadered\shadered.dir\debug\resource.res
c:\users\phile\documents\programming\github\shadered\debug\shadered.lib
c:\users\phile\documents\programming\github\shadered\debug\shadered.exp
c:\users\phile\documents\programming\github\shadered\bin\debug\shadered.pdb
c:\users\phile\documents\programming\github\shadered\shadered.dir\debug\shadered.tlog\cl.command.1.tlog
c:\users\phile\documents\programming\github\shadered\shadered.dir\debug\shadered.tlog\cl.read.1.tlog
c:\users\phile\documents\programming\github\shadered\shadered.dir\debug\shadered.tlog\cl.write.1.tlog
c:\users\phile\documents\programming\github\shadered\shadered.dir\debug\shadered.tlog\custombuild.command.1.tlog
c:\users\phile\documents\programming\github\shadered\shadered.dir\debug\shadered.tlog\custombuild.read.1.tlog
c:\users\phile\documents\programming\github\shadered\shadered.dir\debug\shadered.tlog\custombuild.write.1.tlog
c:\users\phile\documents\programming\github\shadered\shadered.dir\debug\shadered.tlog\link.28612-cvtres.read.1.tlog
c:\users\phile\documents\programming\github\shadered\shadered.dir\debug\shadered.tlog\link.28612-cvtres.write.1.tlog
c:\users\phile\documents\programming\github\shadered\shadered.dir\debug\shadered.tlog\link.28612-rc.read.1.tlog
c:\users\phile\documents\programming\github\shadered\shadered.dir\debug\shadered.tlog\link.28612-rc.write.1.tlog
c:\users\phile\documents\programming\github\shadered\shadered.dir\debug\shadered.tlog\link.28612.read.1.tlog
c:\users\phile\documents\programming\github\shadered\shadered.dir\debug\shadered.tlog\link.28612.read.2.tlog
c:\users\phile\documents\programming\github\shadered\shadered.dir\debug\shadered.tlog\link.28612.write.1.tlog
c:\users\phile\documents\programming\github\shadered\shadered.dir\debug\shadered.tlog\link.command.1.tlog
c:\users\phile\documents\programming\github\shadered\shadered.dir\debug\shadered.tlog\link.read.1.tlog
c:\users\phile\documents\programming\github\shadered\shadered.dir\debug\shadered.tlog\link.write.1.tlog
c:\users\phile\documents\programming\github\shadered\shadered.dir\debug\shadered.tlog\rc.command.1.tlog
c:\users\phile\documents\programming\github\shadered\shadered.dir\debug\shadered.tlog\rc.read.1.tlog
c:\users\phile\documents\programming\github\shadered\shadered.dir\debug\shadered.tlog\rc.write.1.tlog
c:\users\phile\documents\programming\github\shadered\shadered.dir\debug\shadered.tlog\shadered.write.1u.tlog
