c:\users\phile\documents\programming\github\shadered\libs\cppdap\debug\cppdapd.pdb
c:\users\phile\documents\programming\github\shadered\libs\cppdap\cppdap.dir\debug\typeof.obj
c:\users\phile\documents\programming\github\shadered\libs\cppdap\cppdap.dir\debug\typeinfo.obj
c:\users\phile\documents\programming\github\shadered\libs\cppdap\cppdap.dir\debug\socket.obj
c:\users\phile\documents\programming\github\shadered\libs\cppdap\cppdap.dir\debug\session.obj
c:\users\phile\documents\programming\github\shadered\libs\cppdap\cppdap.dir\debug\protocol_types.obj
c:\users\phile\documents\programming\github\shadered\libs\cppdap\cppdap.dir\debug\protocol_response.obj
c:\users\phile\documents\programming\github\shadered\libs\cppdap\cppdap.dir\debug\protocol_requests.obj
c:\users\phile\documents\programming\github\shadered\libs\cppdap\cppdap.dir\debug\protocol_events.obj
c:\users\phile\documents\programming\github\shadered\libs\cppdap\cppdap.dir\debug\null_json_serializer.obj
c:\users\phile\documents\programming\github\shadered\libs\cppdap\cppdap.dir\debug\network.obj
c:\users\phile\documents\programming\github\shadered\libs\cppdap\cppdap.dir\debug\nlohmann_json_serializer.obj
c:\users\phile\documents\programming\github\shadered\libs\cppdap\cppdap.dir\debug\io.obj
c:\users\phile\documents\programming\github\shadered\libs\cppdap\cppdap.dir\debug\content_stream.obj
c:\users\phile\documents\programming\github\shadered\libs\cppdap\cmakefiles\generate.stamp
c:\users\phile\documents\programming\github\shadered\libs\cppdap\debug\cppdapd.lib
c:\users\phile\documents\programming\github\shadered\libs\cppdap\cppdap.dir\debug\cppdap.tlog\cl.command.1.tlog
c:\users\phile\documents\programming\github\shadered\libs\cppdap\cppdap.dir\debug\cppdap.tlog\cl.read.1.tlog
c:\users\phile\documents\programming\github\shadered\libs\cppdap\cppdap.dir\debug\cppdap.tlog\cl.write.1.tlog
c:\users\phile\documents\programming\github\shadered\libs\cppdap\cppdap.dir\debug\cppdap.tlog\custombuild.command.1.tlog
c:\users\phile\documents\programming\github\shadered\libs\cppdap\cppdap.dir\debug\cppdap.tlog\custombuild.read.1.tlog
c:\users\phile\documents\programming\github\shadered\libs\cppdap\cppdap.dir\debug\cppdap.tlog\custombuild.write.1.tlog
c:\users\phile\documents\programming\github\shadered\libs\cppdap\cppdap.dir\debug\cppdap.tlog\lib-link.read.1.tlog
c:\users\phile\documents\programming\github\shadered\libs\cppdap\cppdap.dir\debug\cppdap.tlog\lib-link.write.1.tlog
c:\users\phile\documents\programming\github\shadered\libs\cppdap\cppdap.dir\debug\cppdap.tlog\lib.command.1.tlog
