c:\users\phile\documents\programming\github\shadered\cmakefiles\generate.stamp
c:\users\phile\documents\programming\github\shadered\libs\spvgentwo\cmakefiles\generate.stamp
c:\users\phile\documents\programming\github\shadered\libs\assimp\cmakefiles\generate.stamp
c:\users\phile\documents\programming\github\shadered\libs\assimp\contrib\zlib\cmakefiles\generate.stamp
c:\users\phile\documents\programming\github\shadered\libs\assimp\contrib\cmakefiles\generate.stamp
c:\users\phile\documents\programming\github\shadered\libs\assimp\contrib\irrxml\cmakefiles\generate.stamp
c:\users\phile\documents\programming\github\shadered\libs\assimp\code\cmakefiles\generate.stamp
c:\users\phile\documents\programming\github\shadered\libs\glslang\cmakefiles\generate.stamp
c:\users\phile\documents\programming\github\shadered\libs\glslang\external\cmakefiles\generate.stamp
c:\users\phile\documents\programming\github\shadered\libs\glslang\glslang\cmakefiles\generate.stamp
c:\users\phile\documents\programming\github\shadered\libs\glslang\glslang\osdependent\windows\cmakefiles\generate.stamp
c:\users\phile\documents\programming\github\shadered\libs\glslang\oglcompilersdll\cmakefiles\generate.stamp
c:\users\phile\documents\programming\github\shadered\libs\glslang\spirv\cmakefiles\generate.stamp
c:\users\phile\documents\programming\github\shadered\libs\glslang\hlsl\cmakefiles\generate.stamp
c:\users\phile\documents\programming\github\shadered\libs\glslang\gtests\cmakefiles\generate.stamp
c:\users\phile\documents\programming\github\shadered\libs\spirv-vm\cmakefiles\generate.stamp
c:\users\phile\documents\programming\github\shadered\libs\cppdap\cmakefiles\generate.stamp
c:\users\phile\documents\programming\github\shadered\x64\debug\zero_check\zero_check.tlog\custombuild.command.1.tlog
c:\users\phile\documents\programming\github\shadered\x64\debug\zero_check\zero_check.tlog\custombuild.read.1.tlog
c:\users\phile\documents\programming\github\shadered\x64\debug\zero_check\zero_check.tlog\custombuild.write.1.tlog
